0 silly argv {
0 silly argv   _: [ 'run' ],
0 silly argv   parallel: true,
0 silly argv   bail: false,
0 silly argv   lernaVersion: '4.0.0',
0 silly argv   '$0': '/Users/kevin/workspace/next-template/node_modules/.bin/lerna',
0 silly argv   script: 'dev'
0 silly argv }
1 notice cli v4.0.0
2 verbose rootPath /Users/kevin/workspace/next-template
3 error Error: Invalid package name "@heroicons/react/solid": name can only contain URL-friendly characters
3 error     at invalidPackageName (/Users/kevin/workspace/next-template/node_modules/npm-package-arg/npa.js:84:15)
3 error     at Result.setName (/Users/kevin/workspace/next-template/node_modules/npm-package-arg/npa.js:119:11)
3 error     at new Result (/Users/kevin/workspace/next-template/node_modules/npm-package-arg/npa.js:110:10)
3 error     at Function.resolve (/Users/kevin/workspace/next-template/node_modules/npm-package-arg/npa.js:54:15)
3 error     at /Users/kevin/workspace/next-template/node_modules/@lerna/package-graph/index.js:66:30
3 error     at Array.forEach (<anonymous>)
3 error     at /Users/kevin/workspace/next-template/node_modules/@lerna/package-graph/index.js:60:38
3 error     at Map.forEach (<anonymous>)
3 error     at new PackageGraph (/Users/kevin/workspace/next-template/node_modules/@lerna/package-graph/index.js:49:10)
